<?xml version="1.0" encoding="UTF-8"?>
<testng-results ignored="0" total="1" passed="1" failed="0" skipped="0">
  <reporter-output>
  </reporter-output>
  <suite started-at="2026-02-03T17:10:16 IST" name="Default suite" finished-at="2026-02-03T17:11:18 IST" duration-ms="61261">
    <groups>
    </groups>
    <test started-at="2026-02-03T17:10:16 IST" name="Default test" finished-at="2026-02-03T17:11:18 IST" duration-ms="61261">
      <class name="testPkg.TestClass">
        <test-method is-config="true" signature="setUp()[pri:0, instance:testPkg.TestClass@f5958c9]" started-at="2026-02-03T17:10:16 IST" name="setUp" finished-at="2026-02-03T17:10:29 IST" duration-ms="13009" status="PASS">
          <reporter-output>
          </reporter-output>
        </test-method> <!-- setUp -->
        <test-method signature="testMethod()[pri:0, instance:testPkg.TestClass@f5958c9]" started-at="2026-02-03T17:10:30 IST" name="testMethod" finished-at="2026-02-03T17:11:17 IST" duration-ms="46446" status="PASS">
          <reporter-output>
          </reporter-output>
        </test-method> <!-- testMethod -->
        <test-method is-config="true" signature="tearDown()[pri:0, instance:testPkg.TestClass@f5958c9]" started-at="2026-02-03T17:11:17 IST" name="tearDown" finished-at="2026-02-03T17:11:18 IST" duration-ms="1044" status="PASS">
          <reporter-output>
          </reporter-output>
        </test-method> <!-- tearDown -->
      </class> <!-- testPkg.TestClass -->
    </test> <!-- Default test -->
  </suite> <!-- Default suite -->
</testng-results>
